2025-12-12 10:56:34,061 | INFO | Loading rates from rates.json (GUI)
2025-12-12 10:56:41,171 | INFO | GUI trip started
2025-12-12 10:56:45,556 | INFO | GUI \u2192 state changed: stopped \u2192 moving
2025-12-12 10:56:50,198 | INFO | GUI \u2192 state changed: moving \u2192 stopped
2025-12-12 10:56:52,679 | INFO | GUI \u2192 state changed: stopped \u2192 moving
2025-12-12 10:56:56,996 | INFO | GUI \u2192 state changed: moving \u2192 stopped
2025-12-12 10:56:59,220 | INFO | GUI \u2192 state changed: stopped \u2192 moving
2025-12-12 10:57:01,199 | INFO | User requested GUI fare refresh
2025-12-12 10:57:04,052 | INFO | User requested GUI fare refresh
2025-12-12 10:57:06,517 | INFO | User requested GUI fare refresh
2025-12-12 10:57:09,790 | INFO | User requested GUI fare refresh
2025-12-12 10:57:12,017 | INFO | User requested GUI fare refresh
2025-12-12 10:57:13,082 | INFO | User requested GUI fare refresh
2025-12-12 10:57:14,423 | INFO | User requested GUI fare refresh
2025-12-12 10:57:15,531 | INFO | User requested GUI fare refresh
2025-12-12 10:57:16,970 | INFO | User requested GUI fare refresh
2025-12-12 10:57:18,309 | INFO | User requested GUI fare refresh
2025-12-12 10:57:19,885 | INFO | User requested GUI fare refresh
2025-12-12 10:57:23,039 | INFO | User requested GUI fare refresh
2025-12-12 10:57:24,882 | INFO | User requested GUI fare refresh
2025-12-12 10:57:25,640 | INFO | User requested GUI fare refresh
2025-12-12 10:57:26,566 | INFO | User requested GUI fare refresh
2025-12-12 10:57:27,360 | INFO | User requested GUI fare refresh
2025-12-12 10:57:28,894 | INFO | GUI \u2192 state changed: moving \u2192 stopped
2025-12-12 10:57:33,226 | INFO | User requested GUI fare refresh
2025-12-12 10:57:33,822 | INFO | User requested GUI fare refresh
2025-12-12 10:57:34,886 | INFO | User requested GUI fare refresh
2025-12-12 10:57:35,679 | INFO | User requested GUI fare refresh
2025-12-12 10:57:36,798 | INFO | GUI \u2192 state changed: stopped \u2192 moving
2025-12-12 10:57:44,706 | INFO | GUI trip finishing \u2192 stopped=17.0s, moving=46.5s, fare=€3.60
2025-12-12 10:57:44,722 | INFO | Saving GUI trip -> stopped=17.0s, moving=46.5s, fare=€3.60
2025-12-12 10:57:53,816 | INFO | User opened GUI trip history
2025-12-12 15:43:37,513 | INFO | Loading rates from rates.json (GUI)
2025-12-12 16:10:07,892 | INFO | Loading rates from rates.json (GUI)
2025-12-12 16:10:19,103 | INFO | Loading rates from rates.json (GUI)
2025-12-12 16:10:26,344 | INFO | GUI trip started
2025-12-12 16:10:33,699 | INFO | GUI \u2192 state changed: stopped \u2192 moving
2025-12-12 16:10:37,193 | INFO | GUI \u2192 state changed: moving \u2192 stopped
2025-12-12 16:10:38,814 | INFO | GUI \u2192 state changed: stopped \u2192 moving
2025-12-12 16:10:40,452 | INFO | GUI \u2192 state changed: moving \u2192 stopped
2025-12-12 16:10:41,452 | INFO | GUI \u2192 state changed: stopped \u2192 moving
2025-12-12 16:10:42,505 | INFO | GUI \u2192 state changed: moving \u2192 stopped
2025-12-12 16:10:43,338 | INFO | GUI \u2192 state changed: stopped \u2192 moving
2025-12-12 16:10:43,937 | INFO | GUI \u2192 state changed: moving \u2192 stopped
2025-12-12 16:10:46,735 | INFO | User requested GUI fare refresh
2025-12-12 16:10:47,297 | INFO | User requested GUI fare refresh
2025-12-12 16:10:47,860 | INFO | User requested GUI fare refresh
2025-12-12 16:10:48,072 | INFO | User requested GUI fare refresh
2025-12-12 16:10:48,288 | INFO | User requested GUI fare refresh
2025-12-12 16:10:48,484 | INFO | User requested GUI fare refresh
2025-12-12 16:10:48,658 | INFO | User requested GUI fare refresh
2025-12-12 16:10:49,055 | INFO | User requested GUI fare refresh
2025-12-12 16:10:49,269 | INFO | User requested GUI fare refresh
2025-12-12 16:10:50,803 | INFO | GUI \u2192 state changed: stopped \u2192 moving
2025-12-12 16:10:54,273 | INFO | User updated GUI rates \u2192 stopped=0.02, moving=0.08
2025-12-12 16:10:54,282 | INFO | Saving updated rates in GUI: {'stopped': 0.02, 'moving': 0.08}
2025-12-12 16:10:57,044 | INFO | User updated GUI rates \u2192 stopped=0.03, moving=0.08
2025-12-12 16:10:57,055 | INFO | Saving updated rates in GUI: {'stopped': 0.03, 'moving': 0.08}
2025-12-12 16:10:59,970 | INFO | GUI \u2192 state changed: moving \u2192 stopped
2025-12-12 16:11:01,783 | INFO | GUI trip finishing \u2192 stopped=19.5s, moving=15.9s, fare=€1.86
2025-12-12 16:11:01,793 | INFO | Saving GUI trip -> stopped=19.5s, moving=15.9s, fare=€1.86
2025-12-12 16:11:11,850 | INFO | User opened GUI trip history
2025-12-15 08:38:43,264 | INFO | Loading rates from rates.json (GUI)
2025-12-15 08:39:20,388 | INFO | Loading rates from rates.json (GUI)
2025-12-15 09:26:42,756 | INFO | GUI trip started
2025-12-15 09:26:46,893 | INFO | User requested GUI fare refresh
2025-12-15 09:26:48,691 | INFO | User requested GUI fare refresh
2025-12-15 09:26:49,575 | INFO | User requested GUI fare refresh
2025-12-15 09:26:50,730 | INFO | User requested GUI fare refresh
2025-12-15 09:26:50,991 | INFO | User requested GUI fare refresh
2025-12-15 09:26:51,176 | INFO | User requested GUI fare refresh
2025-12-15 09:26:51,347 | INFO | User requested GUI fare refresh
2025-12-15 09:26:51,560 | INFO | User requested GUI fare refresh
2025-12-15 09:26:51,769 | INFO | User requested GUI fare refresh
2025-12-15 09:26:51,978 | INFO | User requested GUI fare refresh
2025-12-15 09:26:52,168 | INFO | User requested GUI fare refresh
2025-12-15 09:26:54,476 | INFO | GUI \u2192 state changed: stopped \u2192 moving
2025-12-15 09:26:59,005 | INFO | User updated GUI rates \u2192 stopped=0.03, moving=0.05
2025-12-15 09:26:59,010 | INFO | Saving updated rates in GUI: {'stopped': 0.03, 'moving': 0.05}
2025-12-15 09:27:02,270 | INFO | User updated GUI rates \u2192 stopped=0.03, moving=0.060000000000000005
2025-12-15 09:27:02,290 | INFO | Saving updated rates in GUI: {'stopped': 0.03, 'moving': 0.060000000000000005}
2025-12-15 09:27:05,319 | INFO | GUI \u2192 state changed: moving \u2192 stopped
2025-12-15 09:27:06,312 | INFO | User requested GUI fare refresh
2025-12-15 09:27:06,903 | INFO | User requested GUI fare refresh
2025-12-15 09:27:07,149 | INFO | User requested GUI fare refresh
2025-12-15 09:27:08,269 | INFO | GUI trip finishing \u2192 stopped=14.6s, moving=10.8s, fare=€1.09
2025-12-15 09:27:08,283 | INFO | Saving GUI trip -> stopped=14.6s, moving=10.8s, fare=€1.09
2025-12-15 09:27:19,875 | INFO | User opened GUI trip history
